<?xml version="1.0" encoding="UTF-8"?><testsuites failures="0" name="dependency-check" tests="160"><testsuite failures="0" errors="0" time="0" id="0" name="/Users/yefangwong/.m2/repository/com/zaxxer/HikariCP/5.0.1/HikariCP-5.0.1.jar" package="HikariCP-5.0.1.jar" skipped="0" tests="1" timestamp="2023-11-12T19:08:58.27732"><testcase classname="dependency-check" name="HikariCP-5.0.1.jar"/></testsuite><testsuite failures="0" errors="0" time="0" id="1" name="/Users/yefangwong/.m2/repository/com/squareup/retrofit2/adapter-rxjava2/2.9.0/adapter-rxjava2-2.9.0.jar" package="adapter-rxjava2-2.9.0.jar" skipped="0" tests="1" timestamp="2023-11-12T19:08:58.27732"><testcase classname="dependency-check" name="adapter-rxjava2-2.9.0.jar"/></testsuite><testsuite failures="0" errors="0" time="0" id="2" name="/Users/yefangwong/.m2/repository/org/eclipse/angus/angus-activation/2.0.1/angus-activation-2.0.1.jar" package="angus-activation-2.0.1.jar" skipped="0" tests="1" timestamp="2023-11-12T19:08:58.27732"><testcase classname="dependency-check" name="angus-activation-2.0.1.jar"/></testsuite><testsuite failures="0" errors="0" time="0" id="3" name="/Users/yefangwong/.m2/repository/org/jetbrains/annotations/24.0.1/annotations-24.0.1.jar" package="annotations-24.0.1.jar" skipped="0" tests="1" timestamp="2023-11-12T19:08:58.27732"><testcase classname="dependency-check" name="annotations-24.0.1.jar"/></testsuite><testsuite failures="0" errors="0" time="0" id="4" name="/Users/yefangwong/.m2/repository/org/apache/ant/ant/1.10.13/ant-1.10.13.jar" package="ant-1.10.13.jar" skipped="0" tests="1" timestamp="2023-11-12T19:08:58.27732"><testcase classname="dependency-check" name="ant-1.10.13.jar"/></testsuite><testsuite failures="0" errors="0" time="0" id="5" name="/Users/yefangwong/.m2/repository/org/aspectj/aspectjweaver/1.9.19/aspectjweaver-1.9.19.jar" package="aspectjweaver-1.9.19.jar" skipped="0" tests="1" timestamp="2023-11-12T19:08:58.27732"><testcase classname="dependency-check" name="aspectjweaver-1.9.19.jar"/></testsuite><testsuite failures="0" errors="0" time="0" id="6" name="/Users/yefangwong/.m2/repository/org/attoparser/attoparser/2.0.6.RELEASE/attoparser-2.0.6.RELEASE.jar" package="attoparser-2.0.6.RELEASE.jar" skipped="0" tests="1" timestamp="2023-11-12T19:08:58.27732"><testcase classname="dependency-check" name="attoparser-2.0.6.RELEASE.jar"/></testsuite><testsuite failures="0" errors="0" time="0" id="7" name="/Users/yefangwong/.m2/repository/net/bytebuddy/byte-buddy/1.14.5/byte-buddy-1.14.5.jar" package="byte-buddy-1.14.5.jar" skipped="0" tests="1" timestamp="2023-11-12T19:08:58.27732"><testcase classname="dependency-check" name="byte-buddy-1.14.5.jar"/></testsuite><testsuite failures="0" errors="0" time="0" id="8" name="/Users/yefangwong/.m2/repository/com/unfbx/chatgpt-java/1.0.12/chatgpt-java-1.0.12.jar" package="chatgpt-java-1.0.12.jar" skipped="0" tests="1" timestamp="2023-11-12T19:08:58.27732"><testcase classname="dependency-check" name="chatgpt-java-1.0.12.jar"/></testsuite><testsuite failures="0" errors="0" time="0" id="9" name="/Users/yefangwong/.m2/repository/com/fasterxml/classmate/1.5.1/classmate-1.5.1.jar" package="classmate-1.5.1.jar" skipped="0" tests="1" timestamp="2023-11-12T19:08:58.27732"><testcase classname="dependency-check" name="classmate-1.5.1.jar"/></testsuite><testsuite failures="0" errors="0" time="0" id="10" name="/Users/yefangwong/.m2/repository/commons-beanutils/commons-beanutils/1.9.4/commons-beanutils-1.9.4.jar" package="commons-beanutils-1.9.4.jar" skipped="0" tests="1" timestamp="2023-11-12T19:08:58.27732"><testcase classname="dependency-check" name="commons-beanutils-1.9.4.jar"/></testsuite><testsuite failures="0" errors="0" time="0" id="11" name="/Users/yefangwong/.m2/repository/commons-codec/commons-codec/1.15/commons-codec-1.15.jar" package="commons-codec-1.15.jar" skipped="0" tests="1" timestamp="2023-11-12T19:08:58.27732"><testcase classname="dependency-check" name="commons-codec-1.15.jar"/></testsuite><testsuite failures="0" errors="0" time="0" id="12" name="/Users/yefangwong/.m2/repository/commons-collections/commons-collections/3.2.2/commons-collections-3.2.2.jar" package="commons-collections-3.2.2.jar" skipped="0" tests="1" timestamp="2023-11-12T19:08:58.27732"><testcase classname="dependency-check" name="commons-collections-3.2.2.jar"/></testsuite><testsuite failures="0" errors="0" time="0" id="13" name="/Users/yefangwong/.m2/repository/org/apache/commons/commons-collections4/4.1/commons-collections4-4.1.jar" package="commons-collections4-4.1.jar" skipped="0" tests="1" timestamp="2023-11-12T19:08:58.27732"><testcase classname="dependency-check" name="commons-collections4-4.1.jar"/></testsuite><testsuite failures="0" errors="0" time="0" id="14" name="/Users/yefangwong/.m2/repository/commons-dbcp/commons-dbcp/1.4/commons-dbcp-1.4.jar" package="commons-dbcp-1.4.jar" skipped="0" tests="1" timestamp="2023-11-12T19:08:58.27732"><testcase classname="dependency-check" name="commons-dbcp-1.4.jar"/></testsuite><testsuite failures="0" errors="0" time="0" id="15" name="/Users/yefangwong/.m2/repository/commons-io/commons-io/2.7/commons-io-2.7.jar" package="commons-io-2.7.jar" skipped="0" tests="1" timestamp="2023-11-12T19:08:58.27732"><testcase classname="dependency-check" name="commons-io-2.7.jar"/></testsuite><testsuite failures="0" errors="0" time="0" id="16" name="/Users/yefangwong/.m2/repository/commons-lang/commons-lang/2.4/commons-lang-2.4.jar" package="commons-lang-2.4.jar" skipped="0" tests="1" timestamp="2023-11-12T19:08:58.27732"><testcase classname="dependency-check" name="commons-lang-2.4.jar"/></testsuite><testsuite failures="0" errors="0" time="0" id="17" name="/Users/yefangwong/.m2/repository/org/apache/commons/commons-lang3/3.12.0/commons-lang3-3.12.0.jar" package="commons-lang3-3.12.0.jar" skipped="0" tests="1" timestamp="2023-11-12T19:08:58.27732"><testcase classname="dependency-check" name="commons-lang3-3.12.0.jar"/></testsuite><testsuite failures="0" errors="0" time="0" id="18" name="/Users/yefangwong/.m2/repository/commons-logging/commons-logging/1.2/commons-logging-1.2.jar" package="commons-logging-1.2.jar" skipped="0" tests="1" timestamp="2023-11-12T19:08:58.27732"><testcase classname="dependency-check" name="commons-logging-1.2.jar"/></testsuite><testsuite failures="0" errors="0" time="0" id="19" name="/Users/yefangwong/.m2/repository/commons-pool/commons-pool/1.6/commons-pool-1.6.jar" package="commons-pool-1.6.jar" skipped="0" tests="1" timestamp="2023-11-12T19:08:58.27732"><testcase classname="dependency-check" name="commons-pool-1.6.jar"/></testsuite><testsuite failures="0" errors="0" time="0" id="20" name="/Users/yefangwong/.m2/repository/com/squareup/retrofit2/converter-jackson/2.9.0/converter-jackson-2.9.0.jar" package="converter-jackson-2.9.0.jar" skipped="0" tests="1" timestamp="2023-11-12T19:08:58.27732"><testcase classname="dependency-check" name="converter-jackson-2.9.0.jar"/></testsuite><testsuite failures="0" errors="0" time="0" id="21" name="/Users/yefangwong/Documents/GitHub.nosync/madaga/csp/csp-base/target/csp-base-0.0.1-SNAPSHOT.jar" package="csp-base-0.0.1-SNAPSHOT.jar" skipped="0" tests="1" timestamp="2023-11-12T19:08:58.27732"><testcase classname="dependency-check" name="csp-base-0.0.1-SNAPSHOT.jar"/></testsuite><testsuite failures="0" errors="0" time="0" id="22" name="/Users/yefangwong/Documents/GitHub.nosync/madaga/csp/csp-base-domain/target/csp-base-domain-0.0.1-SNAPSHOT.jar" package="csp-base-domain-0.0.1-SNAPSHOT.jar" skipped="0" tests="1" timestamp="2023-11-12T19:08:58.27732"><testcase classname="dependency-check" name="csp-base-domain-0.0.1-SNAPSHOT.jar"/></testsuite><testsuite failures="0" errors="0" time="0" id="23" name="/Users/yefangwong/Documents/GitHub.nosync/madaga/csp/csp-common/target/csp-common-1.0-SNAPSHOT.jar" package="csp-common-1.0-SNAPSHOT.jar" skipped="0" tests="1" timestamp="2023-11-12T19:08:58.27732"><testcase classname="dependency-check" name="csp-common-1.0-SNAPSHOT.jar"/></testsuite><testsuite failures="0" errors="0" time="0" id="24" name="/Users/yefangwong/Documents/GitHub.nosync/madaga/csp/csp-domain-jpa/target/csp-domain-jpa-1.0-SNAPSHOT.jar" package="csp-domain-jpa-1.0-SNAPSHOT.jar" skipped="0" tests="1" timestamp="2023-11-12T19:08:58.27732"><testcase classname="dependency-check" name="csp-domain-jpa-1.0-SNAPSHOT.jar"/></testsuite><testsuite failures="0" errors="0" time="0" id="25" name="/Users/yefangwong/Documents/GitHub.nosync/madaga/csp/csp-persistence-api/target/csp-persistence-api-1.0-SNAPSHOT.jar" package="csp-persistence-api-1.0-SNAPSHOT.jar" skipped="0" tests="1" timestamp="2023-11-12T19:08:58.27732"><testcase classname="dependency-check" name="csp-persistence-api-1.0-SNAPSHOT.jar"/></testsuite><testsuite failures="0" errors="0" time="0" id="26" name="/Users/yefangwong/Documents/GitHub.nosync/madaga/csp/csp-persistence-jpa/target/csp-persistence-jpa-1.0-SNAPSHOT.jar" package="csp-persistence-jpa-1.0-SNAPSHOT.jar" skipped="0" tests="1" timestamp="2023-11-12T19:08:58.27732"><testcase classname="dependency-check" name="csp-persistence-jpa-1.0-SNAPSHOT.jar"/></testsuite><testsuite failures="0" errors="0" time="0" id="27" name="/Users/yefangwong/Documents/GitHub.nosync/madaga/csp/csp-service/target/csp-service-1.0-SNAPSHOT.jar" package="csp-service-1.0-SNAPSHOT.jar" skipped="0" tests="1" timestamp="2023-11-12T19:08:58.27732"><testcase classname="dependency-check" name="csp-service-1.0-SNAPSHOT.jar"/></testsuite><testsuite failures="0" errors="0" time="0" id="28" name="/Users/yefangwong/Documents/GitHub.nosync/madaga/csp/csp-service-api/target/csp-service-api-1.0-SNAPSHOT.jar" package="csp-service-api-1.0-SNAPSHOT.jar" skipped="0" tests="1" timestamp="2023-11-12T19:08:58.27732"><testcase classname="dependency-check" name="csp-service-api-1.0-SNAPSHOT.jar"/></testsuite><testsuite failures="0" errors="0" time="0" id="29" name="/Users/yefangwong/Documents/GitHub.nosync/madaga/csp/csp-tools/target/csp-tools-0.0.1-SNAPSHOT.jar" package="csp-tools-0.0.1-SNAPSHOT.jar" skipped="0" tests="1" timestamp="2023-11-12T19:08:58.27732"><testcase classname="dependency-check" name="csp-tools-0.0.1-SNAPSHOT.jar"/></testsuite><testsuite failures="0" errors="0" time="0" id="30" name="/Users/yefangwong/Documents/GitHub.nosync/madaga/csp/csp-webframeworx-common/target/csp-webframeworx-common-0.0.1-SNAPSHOT.jar" package="csp-webframeworx-common-0.0.1-SNAPSHOT.jar" skipped="0" tests="1" timestamp="2023-11-12T19:08:58.27732"><testcase classname="dependency-check" name="csp-webframeworx-common-0.0.1-SNAPSHOT.jar"/></testsuite><testsuite failures="0" errors="0" time="0" id="31" name="/Users/yefangwong/Documents/GitHub.nosync/madaga/csp/csp-portal-web/src/main/resources/static/js/dashboard.js" package="dashboard.js" skipped="0" tests="1" timestamp="2023-11-12T19:08:58.27732"><testcase classname="dependency-check" name="dashboard.js"/></testsuite><testsuite failures="0" errors="0" time="0" id="32" name="/Users/yefangwong/.m2/repository/com/baomidou/dynamic-datasource-spring-boot-starter/3.6.1/dynamic-datasource-spring-boot-starter-3.6.1.jar" package="dynamic-datasource-spring-boot-starter-3.6.1.jar" skipped="0" tests="1" timestamp="2023-11-12T19:08:58.27732"><testcase classname="dependency-check" name="dynamic-datasource-spring-boot-starter-3.6.1.jar"/></testsuite><testsuite failures="0" errors="0" time="0" id="33" name="/Users/yefangwong/.m2/repository/org/ejml/ejml-cdense/0.39/ejml-cdense-0.39.jar" package="ejml-cdense-0.39.jar" skipped="0" tests="1" timestamp="2023-11-12T19:08:58.27732"><testcase classname="dependency-check" name="ejml-cdense-0.39.jar"/></testsuite><testsuite failures="0" errors="0" time="0" id="34" name="/Users/yefangwong/.m2/repository/org/ejml/ejml-core/0.39/ejml-core-0.39.jar" package="ejml-core-0.39.jar" skipped="0" tests="1" timestamp="2023-11-12T19:08:58.27732"><testcase classname="dependency-check" name="ejml-core-0.39.jar"/></testsuite><testsuite failures="0" errors="0" time="0" id="35" name="/Users/yefangwong/.m2/repository/org/ejml/ejml-ddense/0.39/ejml-ddense-0.39.jar" package="ejml-ddense-0.39.jar" skipped="0" tests="1" timestamp="2023-11-12T19:08:58.27732"><testcase classname="dependency-check" name="ejml-ddense-0.39.jar"/></testsuite><testsuite failures="0" errors="0" time="0" id="36" name="/Users/yefangwong/.m2/repository/org/ejml/ejml-dsparse/0.39/ejml-dsparse-0.39.jar" package="ejml-dsparse-0.39.jar" skipped="0" tests="1" timestamp="2023-11-12T19:08:58.27732"><testcase classname="dependency-check" name="ejml-dsparse-0.39.jar"/></testsuite><testsuite failures="0" errors="0" time="0" id="37" name="/Users/yefangwong/.m2/repository/org/ejml/ejml-fdense/0.39/ejml-fdense-0.39.jar" package="ejml-fdense-0.39.jar" skipped="0" tests="1" timestamp="2023-11-12T19:08:58.27732"><testcase classname="dependency-check" name="ejml-fdense-0.39.jar"/></testsuite><testsuite failures="0" errors="0" time="0" id="38" name="/Users/yefangwong/.m2/repository/org/ejml/ejml-fsparse/0.39/ejml-fsparse-0.39.jar" package="ejml-fsparse-0.39.jar" skipped="0" tests="1" timestamp="2023-11-12T19:08:58.27732"><testcase classname="dependency-check" name="ejml-fsparse-0.39.jar"/></testsuite><testsuite failures="0" errors="0" time="0" id="39" name="/Users/yefangwong/.m2/repository/org/ejml/ejml-simple/0.39/ejml-simple-0.39.jar" package="ejml-simple-0.39.jar" skipped="0" tests="1" timestamp="2023-11-12T19:08:58.27732"><testcase classname="dependency-check" name="ejml-simple-0.39.jar"/></testsuite><testsuite failures="0" errors="0" time="0" id="40" name="/Users/yefangwong/.m2/repository/org/ejml/ejml-zdense/0.39/ejml-zdense-0.39.jar" package="ejml-zdense-0.39.jar" skipped="0" tests="1" timestamp="2023-11-12T19:08:58.27732"><testcase classname="dependency-check" name="ejml-zdense-0.39.jar"/></testsuite><testsuite failures="0" errors="0" time="0" id="41" name="/Users/yefangwong/.m2/repository/org/owasp/encoder/encoder/1.2.3/encoder-1.2.3.jar" package="encoder-1.2.3.jar" skipped="0" tests="1" timestamp="2023-11-12T19:08:58.27732"><testcase classname="dependency-check" name="encoder-1.2.3.jar"/></testsuite><testsuite failures="0" errors="0" time="0" id="42" name="/Users/yefangwong/.m2/repository/ch/randelshofer/fastdoubleparser/0.9.0/fastdoubleparser-0.9.0.jar" package="fastdoubleparser-0.9.0.jar" skipped="0" tests="1" timestamp="2023-11-12T19:08:58.27732"><testcase classname="dependency-check" name="fastdoubleparser-0.9.0.jar"/></testsuite><testsuite failures="0" errors="0" time="0" id="43" name="/Users/yefangwong/.m2/repository/cn/hutool/hutool-all/5.8.20/hutool-all-5.8.20.jar" package="hutool-all-5.8.20.jar" skipped="0" tests="1" timestamp="2023-11-12T19:08:58.27732"><testcase classname="dependency-check" name="hutool-all-5.8.20.jar"/></testsuite><testsuite failures="0" errors="0" time="0" id="44" name="/Users/yefangwong/.m2/repository/com/sun/istack/istack-commons-runtime/4.1.2/istack-commons-runtime-4.1.2.jar" package="istack-commons-runtime-4.1.2.jar" skipped="0" tests="1" timestamp="2023-11-12T19:08:58.27732"><testcase classname="dependency-check" name="istack-commons-runtime-4.1.2.jar"/></testsuite><testsuite failures="0" errors="0" time="0" id="45" name="/Users/yefangwong/.m2/repository/com/fasterxml/jackson/core/jackson-core/2.16.0-SNAPSHOT/jackson-core-2.16.0-SNAPSHOT.jar" package="jackson-core-2.16.0-SNAPSHOT.jar" skipped="0" tests="1" timestamp="2023-11-12T19:08:58.27732"><testcase classname="dependency-check" name="jackson-core-2.16.0-SNAPSHOT.jar"/></testsuite><testsuite failures="0" errors="0" time="0" id="46" name="/Users/yefangwong/.m2/repository/com/fasterxml/jackson/core/jackson-databind/2.16.0-SNAPSHOT/jackson-databind-2.16.0-SNAPSHOT.jar" package="jackson-databind-2.16.0-SNAPSHOT.jar" skipped="0" tests="1" timestamp="2023-11-12T19:08:58.27732"><testcase classname="dependency-check" name="jackson-databind-2.16.0-SNAPSHOT.jar"/></testsuite><testsuite failures="0" errors="0" time="0" id="47" name="/Users/yefangwong/.m2/repository/com/fasterxml/jackson/datatype/jackson-datatype-jdk8/2.15.2/jackson-datatype-jdk8-2.15.2.jar" package="jackson-datatype-jdk8-2.15.2.jar" skipped="0" tests="1" timestamp="2023-11-12T19:08:58.27732"><testcase classname="dependency-check" name="jackson-datatype-jdk8-2.15.2.jar"/></testsuite><testsuite failures="0" errors="0" time="0" id="48" name="/Users/yefangwong/.m2/repository/jakarta/activation/jakarta.activation-api/2.1.2/jakarta.activation-api-2.1.2.jar" package="jakarta.activation-api-2.1.2.jar" skipped="0" tests="1" timestamp="2023-11-12T19:08:58.27732"><testcase classname="dependency-check" name="jakarta.activation-api-2.1.2.jar"/></testsuite><testsuite failures="0" errors="0" time="0" id="49" name="/Users/yefangwong/.m2/repository/jakarta/annotation/jakarta.annotation-api/2.1.1/jakarta.annotation-api-2.1.1.jar" package="jakarta.annotation-api-2.1.1.jar" skipped="0" tests="1" timestamp="2023-11-12T19:08:58.27732"><testcase classname="dependency-check" name="jakarta.annotation-api-2.1.1.jar"/></testsuite><testsuite failures="0" errors="0" time="0" id="50" name="/Users/yefangwong/.m2/repository/jakarta/servlet/jakarta.servlet-api/6.0.0/jakarta.servlet-api-6.0.0.jar" package="jakarta.servlet-api-6.0.0.jar" skipped="0" tests="1" timestamp="2023-11-12T19:08:58.27732"><testcase classname="dependency-check" name="jakarta.servlet-api-6.0.0.jar"/></testsuite><testsuite failures="0" errors="0" time="0" id="51" name="/Users/yefangwong/.m2/repository/jakarta/validation/jakarta.validation-api/3.0.2/jakarta.validation-api-3.0.2.jar" package="jakarta.validation-api-3.0.2.jar" skipped="0" tests="1" timestamp="2023-11-12T19:08:58.27732"><testcase classname="dependency-check" name="jakarta.validation-api-3.0.2.jar"/></testsuite><testsuite failures="0" errors="0" time="0" id="52" name="/Users/yefangwong/.m2/repository/jakarta/xml/bind/jakarta.xml.bind-api/4.0.0/jakarta.xml.bind-api-4.0.0.jar" package="jakarta.xml.bind-api-4.0.0.jar" skipped="0" tests="1" timestamp="2023-11-12T19:08:58.27732"><testcase classname="dependency-check" name="jakarta.xml.bind-api-4.0.0.jar"/></testsuite><testsuite failures="0" errors="0" time="0" id="53" name="/Users/yefangwong/.m2/repository/com/auth0/java-jwt/3.10.1/java-jwt-3.10.1.jar" package="java-jwt-3.10.1.jar" skipped="0" tests="1" timestamp="2023-11-12T19:08:58.27732"><testcase classname="dependency-check" name="java-jwt-3.10.1.jar"/></testsuite><testsuite failures="0" errors="0" time="0" id="54" name="/Users/yefangwong/.m2/repository/javax/activation/javax.activation-api/1.2.0/javax.activation-api-1.2.0.jar" package="javax.activation-api-1.2.0.jar" skipped="0" tests="1" timestamp="2023-11-12T19:08:58.27732"><testcase classname="dependency-check" name="javax.activation-api-1.2.0.jar"/></testsuite><testsuite failures="0" errors="0" time="0" id="55" name="/Users/yefangwong/.m2/repository/javax/annotation/javax.annotation-api/1.3.2/javax.annotation-api-1.3.2.jar" package="javax.annotation-api-1.3.2.jar" skipped="0" tests="1" timestamp="2023-11-12T19:08:58.27732"><testcase classname="dependency-check" name="javax.annotation-api-1.3.2.jar"/></testsuite><testsuite failures="0" errors="0" time="0" id="56" name="/Users/yefangwong/.m2/repository/javax/inject/javax.inject/1/javax.inject-1.jar" package="javax.inject-1.jar" skipped="0" tests="1" timestamp="2023-11-12T19:08:58.27732"><testcase classname="dependency-check" name="javax.inject-1.jar"/></testsuite><testsuite failures="0" errors="0" time="0" id="57" name="/Users/yefangwong/.m2/repository/org/glassfish/javax.json/1.0.4/javax.json-1.0.4.jar" package="javax.json-1.0.4.jar" skipped="0" tests="1" timestamp="2023-11-12T19:08:58.27732"><testcase classname="dependency-check" name="javax.json-1.0.4.jar"/></testsuite><testsuite failures="0" errors="0" time="0" id="58" name="/Users/yefangwong/.m2/repository/javax/servlet/javax.servlet-api/3.0.1/javax.servlet-api-3.0.1.jar" package="javax.servlet-api-3.0.1.jar" skipped="0" tests="1" timestamp="2023-11-12T19:08:58.27732"><testcase classname="dependency-check" name="javax.servlet-api-3.0.1.jar"/></testsuite><testsuite failures="0" errors="0" time="0" id="59" name="/Users/yefangwong/.m2/repository/javax/xml/bind/jaxb-api/2.4.0-b180830.0359/jaxb-api-2.4.0-b180830.0359.jar" package="jaxb-api-2.4.0-b180830.0359.jar" skipped="0" tests="1" timestamp="2023-11-12T19:08:58.27732"><testcase classname="dependency-check" name="jaxb-api-2.4.0-b180830.0359.jar"/></testsuite><testsuite failures="0" errors="0" time="0" id="60" name="/Users/yefangwong/.m2/repository/com/sun/xml/bind/jaxb-core/4.0.3/jaxb-core-4.0.3.jar/META-INF/maven/org.glassfish.jaxb/txw2/pom.xml" package="jaxb-core-4.0.3.jar (shaded: org.glassfish.jaxb:txw2:4.0.3)" skipped="0" tests="1" timestamp="2023-11-12T19:08:58.27732"><testcase classname="dependency-check" name="jaxb-core-4.0.3.jar (shaded: org.glassfish.jaxb:txw2:4.0.3)"/></testsuite><testsuite failures="0" errors="0" time="0" id="61" name="/Users/yefangwong/.m2/repository/com/sun/xml/bind/jaxb-core/4.0.3/jaxb-core-4.0.3.jar" package="jaxb-core-4.0.3.jar" skipped="0" tests="1" timestamp="2023-11-12T19:08:58.27732"><testcase classname="dependency-check" name="jaxb-core-4.0.3.jar"/></testsuite><testsuite failures="0" errors="0" time="0" id="62" name="/Users/yefangwong/.m2/repository/com/sun/xml/bind/jaxb-impl/4.0.3/jaxb-impl-4.0.3.jar" package="jaxb-impl-4.0.3.jar" skipped="0" tests="1" timestamp="2023-11-12T19:08:58.27732"><testcase classname="dependency-check" name="jaxb-impl-4.0.3.jar"/></testsuite><testsuite failures="0" errors="0" time="0" id="63" name="/Users/yefangwong/.m2/repository/com/yhnlp/jieba4j-tag/0.0.1-SNAPSHOT-CSP/jieba4j-tag-0.0.1-SNAPSHOT-CSP.jar" package="jieba4j-tag-0.0.1-SNAPSHOT-CSP.jar" skipped="0" tests="1" timestamp="2023-11-12T19:08:58.27732"><testcase classname="dependency-check" name="jieba4j-tag-0.0.1-SNAPSHOT-CSP.jar"/></testsuite><testsuite failures="0" errors="0" time="0" id="64" name="/Users/yefangwong/.m2/repository/joda-time/joda-time/2.10.5/joda-time-2.10.5.jar" package="joda-time-2.10.5.jar" skipped="0" tests="1" timestamp="2023-11-12T19:08:58.27732"><testcase classname="dependency-check" name="joda-time-2.10.5.jar"/></testsuite><testsuite failures="0" errors="0" time="0" id="65" name="/Users/yefangwong/.m2/repository/de/jollyday/jollyday/0.4.9/jollyday-0.4.9.jar" package="jollyday-0.4.9.jar" skipped="0" tests="1" timestamp="2023-11-12T19:08:58.27732"><testcase classname="dependency-check" name="jollyday-0.4.9.jar"/></testsuite><testsuite failures="0" errors="0" time="0" id="66" name="/Users/yefangwong/.m2/repository/com/googlecode/json-simple/json-simple/1.1.1/json-simple-1.1.1.jar" package="json-simple-1.1.1.jar" skipped="0" tests="1" timestamp="2023-11-12T19:08:58.27732"><testcase classname="dependency-check" name="json-simple-1.1.1.jar"/></testsuite><testsuite failures="0" errors="0" time="0" id="67" name="/Users/yefangwong/.m2/repository/com/google/code/findbugs/jsr305/3.0.2/jsr305-3.0.2.jar" package="jsr305-3.0.2.jar" skipped="0" tests="1" timestamp="2023-11-12T19:08:58.27732"><testcase classname="dependency-check" name="jsr305-3.0.2.jar"/></testsuite><testsuite failures="0" errors="0" time="0" id="68" name="/Users/yefangwong/.m2/repository/com/knuddels/jtokkit/0.2.0/jtokkit-0.2.0.jar" package="jtokkit-0.2.0.jar" skipped="0" tests="1" timestamp="2023-11-12T19:08:58.27732"><testcase classname="dependency-check" name="jtokkit-0.2.0.jar"/></testsuite><testsuite failures="0" errors="0" time="0" id="69" name="/Users/yefangwong/.m2/repository/org/slf4j/jul-to-slf4j/2.0.7/jul-to-slf4j-2.0.7.jar" package="jul-to-slf4j-2.0.7.jar" skipped="0" tests="1" timestamp="2023-11-12T19:08:58.27732"><testcase classname="dependency-check" name="jul-to-slf4j-2.0.7.jar"/></testsuite><testsuite failures="0" errors="0" time="0" id="70" name="/Users/yefangwong/.m2/repository/net/sourceforge/jexcelapi/jxl/2.6.12/jxl-2.6.12.jar" package="jxl-2.6.12.jar" skipped="0" tests="1" timestamp="2023-11-12T19:08:58.27732"><testcase classname="dependency-check" name="jxl-2.6.12.jar"/></testsuite><testsuite failures="0" errors="0" time="0" id="71" name="/Users/yefangwong/.m2/repository/org/jetbrains/kotlin/kotlin-stdlib/1.8.22/kotlin-stdlib-1.8.22.jar" package="kotlin-stdlib-1.8.22.jar" skipped="0" tests="1" timestamp="2023-11-12T19:08:58.27732"><testcase classname="dependency-check" name="kotlin-stdlib-1.8.22.jar"/></testsuite><testsuite failures="0" errors="0" time="0" id="72" name="/Users/yefangwong/.m2/repository/org/apache/logging/log4j/log4j-core/2.18.0/log4j-core-2.18.0.jar" package="log4j-core-2.18.0.jar" skipped="0" tests="1" timestamp="2023-11-12T19:08:58.27732"><testcase classname="dependency-check" name="log4j-core-2.18.0.jar"/></testsuite><testsuite failures="0" errors="0" time="0" id="73" name="/Users/yefangwong/.m2/repository/org/apache/logging/log4j/log4j-to-slf4j/2.20.0/log4j-to-slf4j-2.20.0.jar" package="log4j-to-slf4j-2.20.0.jar" skipped="0" tests="1" timestamp="2023-11-12T19:08:58.27732"><testcase classname="dependency-check" name="log4j-to-slf4j-2.20.0.jar"/></testsuite><testsuite failures="0" errors="0" time="0" id="74" name="/Users/yefangwong/.m2/repository/ch/qos/logback/logback-core/1.4.8/logback-core-1.4.8.jar" package="logback-core-1.4.8.jar" skipped="0" tests="1" timestamp="2023-11-12T19:08:58.27732"><testcase classname="dependency-check" name="logback-core-1.4.8.jar"/></testsuite><testsuite failures="0" errors="0" time="0" id="75" name="/Users/yefangwong/.m2/repository/com/squareup/okhttp3/logging-interceptor/4.10.0/logging-interceptor-4.10.0.jar" package="logging-interceptor-4.10.0.jar" skipped="0" tests="1" timestamp="2023-11-12T19:08:58.27732"><testcase classname="dependency-check" name="logging-interceptor-4.10.0.jar"/></testsuite><testsuite failures="0" errors="0" time="0" id="76" name="/Users/yefangwong/.m2/repository/org/projectlombok/lombok/1.18.24/lombok-1.18.24.jar" package="lombok-1.18.24.jar" skipped="0" tests="1" timestamp="2023-11-12T19:08:58.27732"><testcase classname="dependency-check" name="lombok-1.18.24.jar"/></testsuite><testsuite failures="0" errors="0" time="0" id="77" name="/Users/yefangwong/.m2/repository/org/projectlombok/lombok/1.18.24/lombok-1.18.24.jar/lombok/launch/mavenEcjBootstrapAgent.jar" package="lombok-1.18.24.jar: mavenEcjBootstrapAgent.jar" skipped="0" tests="1" timestamp="2023-11-12T19:08:58.27732"><testcase classname="dependency-check" name="lombok-1.18.24.jar: mavenEcjBootstrapAgent.jar"/></testsuite><testsuite failures="0" errors="0" time="0" id="78" name="/Users/yefangwong/.m2/repository/org/apache/lucene/lucene-analyzers-common/7.5.0/lucene-analyzers-common-7.5.0.jar" package="lucene-analyzers-common-7.5.0.jar" skipped="0" tests="1" timestamp="2023-11-12T19:08:58.27732"><testcase classname="dependency-check" name="lucene-analyzers-common-7.5.0.jar"/></testsuite><testsuite failures="0" errors="0" time="0" id="79" name="/Users/yefangwong/.m2/repository/org/apache/lucene/lucene-core/7.5.0/lucene-core-7.5.0.jar" package="lucene-core-7.5.0.jar" skipped="0" tests="1" timestamp="2023-11-12T19:08:58.27732"><testcase classname="dependency-check" name="lucene-core-7.5.0.jar"/></testsuite><testsuite failures="0" errors="0" time="0" id="80" name="/Users/yefangwong/.m2/repository/org/apache/lucene/lucene-queries/7.5.0/lucene-queries-7.5.0.jar" package="lucene-queries-7.5.0.jar" skipped="0" tests="1" timestamp="2023-11-12T19:08:58.27732"><testcase classname="dependency-check" name="lucene-queries-7.5.0.jar"/></testsuite><testsuite failures="0" errors="0" time="0" id="81" name="/Users/yefangwong/.m2/repository/org/apache/lucene/lucene-queryparser/7.5.0/lucene-queryparser-7.5.0.jar" package="lucene-queryparser-7.5.0.jar" skipped="0" tests="1" timestamp="2023-11-12T19:08:58.27732"><testcase classname="dependency-check" name="lucene-queryparser-7.5.0.jar"/></testsuite><testsuite failures="0" errors="0" time="0" id="82" name="/Users/yefangwong/.m2/repository/org/apache/lucene/lucene-sandbox/7.5.0/lucene-sandbox-7.5.0.jar" package="lucene-sandbox-7.5.0.jar" skipped="0" tests="1" timestamp="2023-11-12T19:08:58.27732"><testcase classname="dependency-check" name="lucene-sandbox-7.5.0.jar"/></testsuite><testsuite failures="0" errors="0" time="0" id="83" name="/Users/yefangwong/.m2/repository/org/mapstruct/mapstruct/1.2.0.Final/mapstruct-1.2.0.Final.jar" package="mapstruct-1.2.0.Final.jar" skipped="0" tests="1" timestamp="2023-11-12T19:08:58.27732"><testcase classname="dependency-check" name="mapstruct-1.2.0.Final.jar"/></testsuite><testsuite failures="0" errors="0" time="0" id="84" name="/Users/yefangwong/.m2/repository/io/micrometer/micrometer-commons/1.11.2/micrometer-commons-1.11.2.jar" package="micrometer-commons-1.11.2.jar" skipped="0" tests="1" timestamp="2023-11-12T19:08:58.27732"><testcase classname="dependency-check" name="micrometer-commons-1.11.2.jar"/></testsuite><testsuite failures="0" errors="0" time="0" id="85" name="/Users/yefangwong/.m2/repository/io/micrometer/micrometer-observation/1.11.2/micrometer-observation-1.11.2.jar" package="micrometer-observation-1.11.2.jar" skipped="0" tests="1" timestamp="2023-11-12T19:08:58.27732"><testcase classname="dependency-check" name="micrometer-observation-1.11.2.jar"/></testsuite><testsuite failures="0" errors="0" time="0" id="86" name="/Users/yefangwong/.m2/repository/org/mybatis/mybatis/3.5.13/mybatis-3.5.13.jar/META-INF/maven/ognl/ognl/pom.xml" package="mybatis-3.5.13.jar (shaded: ognl:ognl:3.3.4)" skipped="0" tests="1" timestamp="2023-11-12T19:08:58.27732"><testcase classname="dependency-check" name="mybatis-3.5.13.jar (shaded: ognl:ognl:3.3.4)"/></testsuite><testsuite failures="0" errors="0" time="0" id="87" name="/Users/yefangwong/.m2/repository/org/mybatis/mybatis/3.5.13/mybatis-3.5.13.jar/META-INF/maven/org.javassist/javassist/pom.xml" package="mybatis-3.5.13.jar (shaded: org.javassist:javassist:3.29.2-GA)" skipped="0" tests="1" timestamp="2023-11-12T19:08:58.27732"><testcase classname="dependency-check" name="mybatis-3.5.13.jar (shaded: org.javassist:javassist:3.29.2-GA)"/></testsuite><testsuite failures="0" errors="0" time="0" id="88" name="/Users/yefangwong/.m2/repository/org/mybatis/mybatis/3.5.13/mybatis-3.5.13.jar" package="mybatis-3.5.13.jar" skipped="0" tests="1" timestamp="2023-11-12T19:08:58.27732"><testcase classname="dependency-check" name="mybatis-3.5.13.jar"/></testsuite><testsuite failures="0" errors="0" time="0" id="89" name="/Users/yefangwong/.m2/repository/org/mybatis/mybatis-spring/3.0.0/mybatis-spring-3.0.0.jar" package="mybatis-spring-3.0.0.jar" skipped="0" tests="1" timestamp="2023-11-12T19:08:58.27732"><testcase classname="dependency-check" name="mybatis-spring-3.0.0.jar"/></testsuite><testsuite failures="0" errors="0" time="0" id="90" name="/Users/yefangwong/.m2/repository/org/mybatis/spring/boot/mybatis-spring-boot-autoconfigure/3.0.0/mybatis-spring-boot-autoconfigure-3.0.0.jar" package="mybatis-spring-boot-autoconfigure-3.0.0.jar" skipped="0" tests="1" timestamp="2023-11-12T19:08:58.27732"><testcase classname="dependency-check" name="mybatis-spring-boot-autoconfigure-3.0.0.jar"/></testsuite><testsuite failures="0" errors="0" time="0" id="91" name="/Users/yefangwong/.m2/repository/org/mybatis/spring/boot/mybatis-spring-boot-starter/3.0.0/mybatis-spring-boot-starter-3.0.0.jar" package="mybatis-spring-boot-starter-3.0.0.jar" skipped="0" tests="1" timestamp="2023-11-12T19:08:58.27732"><testcase classname="dependency-check" name="mybatis-spring-boot-starter-3.0.0.jar"/></testsuite><testsuite failures="0" errors="0" time="0" id="92" name="/Users/yefangwong/.m2/repository/com/mysql/mysql-connector-j/8.2.0/mysql-connector-j-8.2.0.jar" package="mysql-connector-j-8.2.0.jar" skipped="0" tests="1" timestamp="2023-11-12T19:08:58.27732"><testcase classname="dependency-check" name="mysql-connector-j-8.2.0.jar"/></testsuite><testsuite failures="0" errors="0" time="0" id="93" name="/Users/yefangwong/.m2/repository/io/netty/netty-all/4.1.100.Final/netty-all-4.1.100.Final.jar" package="netty-all-4.1.100.Final.jar" skipped="1" tests="1" timestamp="2023-11-12T19:08:58.27732"><testcase classname="CVE-2023-4586" name="pkg:maven/io.netty/netty-all@4.1.100.Final"><skipped message="Fixed via by manually setting up TLS hostname verification
        until upstream fix is available
        ref:https://github.com/jeremylong/DependencyCheck/issues/5912" /><system-out>A vulnerability was found in the Hot Rod client. This security issue occurs as the Hot Rod client does not enable hostname validation when using TLS, possibly resulting in a man-in-the-middle (MITM) attack.</system-out><system-err>location: /Users/yefangwong/.m2/repository/io/netty/netty-all/4.1.100.Final/netty-all-4.1.100.Final.jar</system-err></testcase></testsuite><testsuite failures="0" errors="0" time="0" id="94" name="/Users/yefangwong/.m2/repository/io/netty/netty-common/4.1.100.Final/netty-common-4.1.100.Final.jar/META-INF/maven/org.jctools/jctools-core/pom.xml" package="netty-common-4.1.100.Final.jar (shaded: org.jctools:jctools-core:3.1.0)" skipped="0" tests="1" timestamp="2023-11-12T19:08:58.27732"><testcase classname="dependency-check" name="netty-common-4.1.100.Final.jar (shaded: org.jctools:jctools-core:3.1.0)"/></testsuite><testsuite failures="0" errors="0" time="0" id="95" name="/Users/yefangwong/.m2/repository/io/netty/netty-transport/5.0.0.Alpha2/netty-transport-5.0.0.Alpha2.jar" package="netty-transport-5.0.0.Alpha2.jar" skipped="0" tests="1" timestamp="2023-11-12T19:08:58.27732"><testcase classname="dependency-check" name="netty-transport-5.0.0.Alpha2.jar"/></testsuite><testsuite failures="0" errors="0" time="0" id="96" name="/Users/yefangwong/.m2/repository/com/squareup/okhttp3/okhttp/4.10.0-CSP/okhttp-4.10.0-CSP.jar" package="okhttp-4.10.0-CSP.jar" skipped="0" tests="1" timestamp="2023-11-12T19:08:58.27732"><testcase classname="dependency-check" name="okhttp-4.10.0-CSP.jar"/></testsuite><testsuite failures="0" errors="0" time="0" id="97" name="/Users/yefangwong/.m2/repository/com/squareup/okio/okio/3.4.0/okio-3.4.0.jar" package="okio-3.4.0.jar" skipped="0" tests="1" timestamp="2023-11-12T19:08:58.27732"><testcase classname="dependency-check" name="okio-3.4.0.jar"/></testsuite><testsuite failures="0" errors="0" time="0" id="98" name="/Users/yefangwong/.m2/repository/ossj/jsr144/oss_cbe_bi_spec/1.5/oss_cbe_bi_spec-1.5.jar" package="oss_cbe_bi_spec-1.5.jar" skipped="0" tests="1" timestamp="2023-11-12T19:08:58.27732"><testcase classname="dependency-check" name="oss_cbe_bi_spec-1.5.jar"/></testsuite><testsuite failures="0" errors="0" time="0" id="99" name="/Users/yefangwong/.m2/repository/ossj/jsr144/oss_cbe_customer_spec/1.5/oss_cbe_customer_spec-1.5.jar" package="oss_cbe_customer_spec-1.5.jar" skipped="0" tests="1" timestamp="2023-11-12T19:08:58.27732"><testcase classname="dependency-check" name="oss_cbe_customer_spec-1.5.jar"/></testsuite><testsuite failures="0" errors="0" time="0" id="100" name="/Users/yefangwong/.m2/repository/ossj/jsr144/oss_cbe_datatypes_spec/1.5/oss_cbe_datatypes_spec-1.5.jar" package="oss_cbe_datatypes_spec-1.5.jar" skipped="0" tests="1" timestamp="2023-11-12T19:08:58.27732"><testcase classname="dependency-check" name="oss_cbe_datatypes_spec-1.5.jar"/></testsuite><testsuite failures="0" errors="0" time="0" id="101" name="/Users/yefangwong/.m2/repository/ossj/jsr144/oss_cbe_location_spec/1.5/oss_cbe_location_spec-1.5.jar" package="oss_cbe_location_spec-1.5.jar" skipped="0" tests="1" timestamp="2023-11-12T19:08:58.27732"><testcase classname="dependency-check" name="oss_cbe_location_spec-1.5.jar"/></testsuite><testsuite failures="0" errors="0" time="0" id="102" name="/Users/yefangwong/.m2/repository/ossj/jsr144/oss_cbe_party_spec/1.5/oss_cbe_party_spec-1.5.jar" package="oss_cbe_party_spec-1.5.jar" skipped="0" tests="1" timestamp="2023-11-12T19:08:58.27732"><testcase classname="dependency-check" name="oss_cbe_party_spec-1.5.jar"/></testsuite><testsuite failures="0" errors="0" time="0" id="103" name="/Users/yefangwong/.m2/repository/ossj/jsr144/oss_cbe_product_spec/1.5/oss_cbe_product_spec-1.5.jar" package="oss_cbe_product_spec-1.5.jar" skipped="0" tests="1" timestamp="2023-11-12T19:08:58.27732"><testcase classname="dependency-check" name="oss_cbe_product_spec-1.5.jar"/></testsuite><testsuite failures="0" errors="0" time="0" id="104" name="/Users/yefangwong/.m2/repository/ossj/jsr144/oss_cbe_report_spec/1.5/oss_cbe_report_spec-1.5.jar" package="oss_cbe_report_spec-1.5.jar" skipped="0" tests="1" timestamp="2023-11-12T19:08:58.27732"><testcase classname="dependency-check" name="oss_cbe_report_spec-1.5.jar"/></testsuite><testsuite failures="0" errors="0" time="0" id="105" name="/Users/yefangwong/.m2/repository/ossj/jsr144/oss_cbe_resource_spec/1.5/oss_cbe_resource_spec-1.5.jar" package="oss_cbe_resource_spec-1.5.jar" skipped="0" tests="1" timestamp="2023-11-12T19:08:58.27732"><testcase classname="dependency-check" name="oss_cbe_resource_spec-1.5.jar"/></testsuite><testsuite failures="0" errors="0" time="0" id="106" name="/Users/yefangwong/.m2/repository/ossj/jsr144/oss_cbe_service_spec/1.5/oss_cbe_service_spec-1.5.jar" package="oss_cbe_service_spec-1.5.jar" skipped="0" tests="1" timestamp="2023-11-12T19:08:58.27732"><testcase classname="dependency-check" name="oss_cbe_service_spec-1.5.jar"/></testsuite><testsuite failures="0" errors="0" time="0" id="107" name="/Users/yefangwong/.m2/repository/ossj/jsr144/oss_cbe_spec/1.5/oss_cbe_spec-1.5.jar" package="oss_cbe_spec-1.5.jar" skipped="0" tests="1" timestamp="2023-11-12T19:08:58.27732"><testcase classname="dependency-check" name="oss_cbe_spec-1.5.jar"/></testsuite><testsuite failures="0" errors="0" time="0" id="108" name="/Users/yefangwong/.m2/repository/ossj/jsr144/oss_cbe_user_spec/1.5/oss_cbe_user_spec-1.5.jar" package="oss_cbe_user_spec-1.5.jar" skipped="0" tests="1" timestamp="2023-11-12T19:08:58.27732"><testcase classname="dependency-check" name="oss_cbe_user_spec-1.5.jar"/></testsuite><testsuite failures="0" errors="0" time="0" id="109" name="/Users/yefangwong/.m2/repository/ossj/jsr144/oss_common_spec/1.5/oss_common_spec-1.5.jar" package="oss_common_spec-1.5.jar" skipped="0" tests="1" timestamp="2023-11-12T19:08:58.27732"><testcase classname="dependency-check" name="oss_common_spec-1.5.jar"/></testsuite><testsuite failures="0" errors="0" time="0" id="110" name="/Users/yefangwong/.m2/repository/ossj/jsr144/oss_shared_alarm_spec/1.5/oss_shared_alarm_spec-1.5.jar" package="oss_shared_alarm_spec-1.5.jar" skipped="0" tests="1" timestamp="2023-11-12T19:08:58.27732"><testcase classname="dependency-check" name="oss_shared_alarm_spec-1.5.jar"/></testsuite><testsuite failures="0" errors="0" time="0" id="111" name="/Users/yefangwong/.m2/repository/com/google/protobuf/protobuf-java/3.19.6/protobuf-java-3.19.6.jar" package="protobuf-java-3.19.6.jar" skipped="0" tests="1" timestamp="2023-11-12T19:08:58.27732"><testcase classname="dependency-check" name="protobuf-java-3.19.6.jar"/></testsuite><testsuite failures="0" errors="0" time="0" id="112" name="/Users/yefangwong/.m2/repository/org/reactivestreams/reactive-streams/1.0.4/reactive-streams-1.0.4.jar" package="reactive-streams-1.0.4.jar" skipped="0" tests="1" timestamp="2023-11-12T19:08:58.27732"><testcase classname="dependency-check" name="reactive-streams-1.0.4.jar"/></testsuite><testsuite failures="0" errors="0" time="0" id="113" name="/Users/yefangwong/.m2/repository/io/projectreactor/reactor-core/3.5.8/reactor-core-3.5.8.jar" package="reactor-core-3.5.8.jar" skipped="0" tests="1" timestamp="2023-11-12T19:08:58.27732"><testcase classname="dependency-check" name="reactor-core-3.5.8.jar"/></testsuite><testsuite failures="0" errors="0" time="0" id="114" name="/Users/yefangwong/.m2/repository/io/projectreactor/netty/reactor-netty-core/1.1.9/reactor-netty-core-1.1.9.jar" package="reactor-netty-core-1.1.9.jar" skipped="0" tests="1" timestamp="2023-11-12T19:08:58.27732"><testcase classname="dependency-check" name="reactor-netty-core-1.1.9.jar"/></testsuite><testsuite failures="0" errors="0" time="0" id="115" name="/Users/yefangwong/.m2/repository/com/squareup/retrofit2/retrofit/2.9.0/retrofit-2.9.0.jar" package="retrofit-2.9.0.jar" skipped="0" tests="1" timestamp="2023-11-12T19:08:58.27732"><testcase classname="dependency-check" name="retrofit-2.9.0.jar"/></testsuite><testsuite failures="0" errors="0" time="0" id="116" name="/Users/yefangwong/.m2/repository/io/reactivex/rxjava2/rxjava/2.0.0/rxjava-2.0.0.jar" package="rxjava-2.0.0.jar" skipped="0" tests="1" timestamp="2023-11-12T19:08:58.27732"><testcase classname="dependency-check" name="rxjava-2.0.0.jar"/></testsuite><testsuite failures="0" errors="0" time="0" id="117" name="/Users/yefangwong/.m2/repository/org/apache/shiro/shiro-core/1.12.0/shiro-core-1.12.0.jar" package="shiro-core-1.12.0.jar" skipped="0" tests="1" timestamp="2023-11-12T19:08:58.27732"><testcase classname="dependency-check" name="shiro-core-1.12.0.jar"/></testsuite><testsuite failures="0" errors="0" time="0" id="118" name="/Users/yefangwong/.m2/repository/org/apache/shiro/shiro-web/1.12.0/shiro-web-1.12.0.jar" package="shiro-web-1.12.0.jar" skipped="0" tests="1" timestamp="2023-11-12T19:08:58.27732"><testcase classname="dependency-check" name="shiro-web-1.12.0.jar"/></testsuite><testsuite failures="0" errors="0" time="0" id="119" name="/Users/yefangwong/.m2/repository/org/sitemesh/sitemesh/3.0.1/sitemesh-3.0.1.jar" package="sitemesh-3.0.1.jar" skipped="0" tests="1" timestamp="2023-11-12T19:08:58.27732"><testcase classname="dependency-check" name="sitemesh-3.0.1.jar"/></testsuite><testsuite failures="0" errors="0" time="0" id="120" name="/Users/yefangwong/.m2/repository/org/slf4j/slf4j-api/2.0.6/slf4j-api-2.0.6.jar" package="slf4j-api-2.0.6.jar" skipped="0" tests="1" timestamp="2023-11-12T19:08:58.27732"><testcase classname="dependency-check" name="slf4j-api-2.0.6.jar"/></testsuite><testsuite failures="0" errors="0" time="0" id="121" name="/Users/yefangwong/.m2/repository/org/slf4j/slf4j-nop/1.6.0/slf4j-nop-1.6.0.jar" package="slf4j-nop-1.6.0.jar" skipped="0" tests="1" timestamp="2023-11-12T19:08:58.27732"><testcase classname="dependency-check" name="slf4j-nop-1.6.0.jar"/></testsuite><testsuite failures="0" errors="0" time="0" id="122" name="/Users/yefangwong/.m2/repository/org/slf4j/slf4j-reload4j/2.0.7/slf4j-reload4j-2.0.7.jar" package="slf4j-reload4j-2.0.7.jar" skipped="0" tests="1" timestamp="2023-11-12T19:08:58.27732"><testcase classname="dependency-check" name="slf4j-reload4j-2.0.7.jar"/></testsuite><testsuite failures="0" errors="0" time="0" id="123" name="/Users/yefangwong/.m2/repository/org/slf4j/slf4j-simple/2.0.7/slf4j-simple-2.0.7.jar" package="slf4j-simple-2.0.7.jar" skipped="0" tests="1" timestamp="2023-11-12T19:08:58.27732"><testcase classname="dependency-check" name="slf4j-simple-2.0.7.jar"/></testsuite><testsuite failures="0" errors="0" time="0" id="124" name="/Users/yefangwong/.m2/repository/org/springframework/spring-aspects/5.3.27/spring-aspects-5.3.27.jar" package="spring-aspects-5.3.27.jar" skipped="0" tests="1" timestamp="2023-11-12T19:08:58.27732"><testcase classname="dependency-check" name="spring-aspects-5.3.27.jar"/></testsuite><testsuite failures="0" errors="0" time="0" id="125" name="/Users/yefangwong/.m2/repository/org/springframework/boot/spring-boot/3.1.2/spring-boot-3.1.2.jar" package="spring-boot-3.1.2.jar" skipped="0" tests="1" timestamp="2023-11-12T19:08:58.27732"><testcase classname="dependency-check" name="spring-boot-3.1.2.jar"/></testsuite><testsuite failures="0" errors="0" time="0" id="126" name="/Users/yefangwong/.m2/repository/org/springframework/boot/spring-boot-devtools/3.1.2/spring-boot-devtools-3.1.2.jar" package="spring-boot-devtools-3.1.2.jar" skipped="0" tests="1" timestamp="2023-11-12T19:08:58.27732"><testcase classname="dependency-check" name="spring-boot-devtools-3.1.2.jar"/></testsuite><testsuite failures="0" errors="0" time="0" id="127" name="/Users/yefangwong/.m2/repository/org/springframework/boot/spring-boot-devtools/3.1.2/spring-boot-devtools-3.1.2.jar/org/springframework/boot/devtools/livereload/livereload.js" package="spring-boot-devtools-3.1.2.jar: livereload.js" skipped="0" tests="1" timestamp="2023-11-12T19:08:58.27732"><testcase classname="dependency-check" name="spring-boot-devtools-3.1.2.jar: livereload.js"/></testsuite><testsuite failures="0" errors="0" time="0" id="128" name="/Users/yefangwong/.m2/repository/org/springframework/boot/spring-boot-starter-reactor-netty/3.1.2/spring-boot-starter-reactor-netty-3.1.2.jar" package="spring-boot-starter-reactor-netty-3.1.2.jar" skipped="0" tests="1" timestamp="2023-11-12T19:08:58.27732"><testcase classname="dependency-check" name="spring-boot-starter-reactor-netty-3.1.2.jar"/></testsuite><testsuite failures="0" errors="0" time="0" id="129" name="/Users/yefangwong/.m2/repository/org/springframework/boot/spring-boot-starter-thymeleaf/3.1.2/spring-boot-starter-thymeleaf-3.1.2.jar" package="spring-boot-starter-thymeleaf-3.1.2.jar" skipped="0" tests="1" timestamp="2023-11-12T19:08:58.27732"><testcase classname="dependency-check" name="spring-boot-starter-thymeleaf-3.1.2.jar"/></testsuite><testsuite failures="0" errors="0" time="0" id="130" name="/Users/yefangwong/.m2/repository/org/springframework/spring-core/6.0.8/spring-core-6.0.8.jar" package="spring-core-6.0.8.jar" skipped="0" tests="1" timestamp="2023-11-12T19:08:58.27732"><testcase classname="dependency-check" name="spring-core-6.0.8.jar"/></testsuite><testsuite failures="0" errors="0" time="0" id="131" name="/Users/yefangwong/.m2/repository/org/springframework/plugin/spring-plugin-core/1.2.0.RELEASE/spring-plugin-core-1.2.0.RELEASE.jar" package="spring-plugin-core-1.2.0.RELEASE.jar" skipped="0" tests="1" timestamp="2023-11-12T19:08:58.27732"><testcase classname="dependency-check" name="spring-plugin-core-1.2.0.RELEASE.jar"/></testsuite><testsuite failures="0" errors="0" time="0" id="132" name="/Users/yefangwong/.m2/repository/org/springframework/plugin/spring-plugin-metadata/1.2.0.RELEASE/spring-plugin-metadata-1.2.0.RELEASE.jar" package="spring-plugin-metadata-1.2.0.RELEASE.jar" skipped="0" tests="1" timestamp="2023-11-12T19:08:58.27732"><testcase classname="dependency-check" name="spring-plugin-metadata-1.2.0.RELEASE.jar"/></testsuite><testsuite failures="0" errors="0" time="0" id="133" name="/Users/yefangwong/.m2/repository/org/springframework/security/spring-security-config/6.1.5/spring-security-config-6.1.5.jar" package="spring-security-config-6.1.5.jar" skipped="0" tests="1" timestamp="2023-11-12T19:08:58.27732"><testcase classname="dependency-check" name="spring-security-config-6.1.5.jar"/></testsuite><testsuite failures="0" errors="0" time="0" id="134" name="/Users/yefangwong/.m2/repository/org/springframework/security/spring-security-core/6.1.2/spring-security-core-6.1.2.jar" package="spring-security-core-6.1.2.jar" skipped="0" tests="1" timestamp="2023-11-12T19:08:58.27732"><testcase classname="dependency-check" name="spring-security-core-6.1.2.jar"/></testsuite><testsuite failures="0" errors="0" time="0" id="135" name="/Users/yefangwong/.m2/repository/org/springframework/security/spring-security-web/6.1.2/spring-security-web-6.1.2.jar" package="spring-security-web-6.1.2.jar" skipped="0" tests="1" timestamp="2023-11-12T19:08:58.27732"><testcase classname="dependency-check" name="spring-security-web-6.1.2.jar"/></testsuite><testsuite failures="0" errors="0" time="0" id="136" name="/Users/yefangwong/.m2/repository/org/springframework/spring-web/6.0.8/spring-web-6.0.8.jar" package="spring-web-6.0.8.jar" skipped="0" tests="1" timestamp="2023-11-12T19:08:58.27732"><testcase classname="dependency-check" name="spring-web-6.0.8.jar"/></testsuite><testsuite failures="0" errors="0" time="0" id="137" name="/Users/yefangwong/.m2/repository/org/springframework/spring-webflux/6.0.11/spring-webflux-6.0.11.jar" package="spring-webflux-6.0.11.jar" skipped="0" tests="1" timestamp="2023-11-12T19:08:58.27732"><testcase classname="dependency-check" name="spring-webflux-6.0.11.jar"/></testsuite><testsuite failures="0" errors="0" time="0" id="138" name="/Users/yefangwong/.m2/repository/io/springfox/springfox-core/2.9.2/springfox-core-2.9.2.jar" package="springfox-core-2.9.2.jar" skipped="0" tests="1" timestamp="2023-11-12T19:08:58.27732"><testcase classname="dependency-check" name="springfox-core-2.9.2.jar"/></testsuite><testsuite failures="0" errors="0" time="0" id="139" name="/Users/yefangwong/.m2/repository/io/springfox/springfox-schema/2.9.2/springfox-schema-2.9.2.jar" package="springfox-schema-2.9.2.jar" skipped="0" tests="1" timestamp="2023-11-12T19:08:58.27732"><testcase classname="dependency-check" name="springfox-schema-2.9.2.jar"/></testsuite><testsuite failures="0" errors="0" time="0" id="140" name="/Users/yefangwong/.m2/repository/io/springfox/springfox-spi/2.9.2/springfox-spi-2.9.2.jar" package="springfox-spi-2.9.2.jar" skipped="0" tests="1" timestamp="2023-11-12T19:08:58.27732"><testcase classname="dependency-check" name="springfox-spi-2.9.2.jar"/></testsuite><testsuite failures="0" errors="0" time="0" id="141" name="/Users/yefangwong/.m2/repository/io/springfox/springfox-spring-web/2.9.2/springfox-spring-web-2.9.2.jar" package="springfox-spring-web-2.9.2.jar" skipped="0" tests="1" timestamp="2023-11-12T19:08:58.27732"><testcase classname="dependency-check" name="springfox-spring-web-2.9.2.jar"/></testsuite><testsuite failures="0" errors="0" time="0" id="142" name="/Users/yefangwong/.m2/repository/io/springfox/springfox-swagger-common/2.9.2/springfox-swagger-common-2.9.2.jar" package="springfox-swagger-common-2.9.2.jar" skipped="0" tests="1" timestamp="2023-11-12T19:08:58.27732"><testcase classname="dependency-check" name="springfox-swagger-common-2.9.2.jar"/></testsuite><testsuite failures="0" errors="0" time="0" id="143" name="/Users/yefangwong/.m2/repository/io/springfox/springfox-swagger2/2.9.2/springfox-swagger2-2.9.2.jar" package="springfox-swagger2-2.9.2.jar" skipped="0" tests="1" timestamp="2023-11-12T19:08:58.27732"><testcase classname="dependency-check" name="springfox-swagger2-2.9.2.jar"/></testsuite><testsuite failures="0" errors="0" time="0" id="144" name="/Users/yefangwong/.m2/repository/org/xerial/sqlite-jdbc/3.42.0.0/sqlite-jdbc-3.42.0.0.jar" package="sqlite-jdbc-3.42.0.0.jar" skipped="0" tests="1" timestamp="2023-11-12T19:08:58.27732"><testcase classname="dependency-check" name="sqlite-jdbc-3.42.0.0.jar"/></testsuite><testsuite failures="0" errors="0" time="0" id="145" name="/Users/yefangwong/.m2/repository/org/xerial/sqlite-jdbc/3.42.0.0/sqlite-jdbc-3.42.0.0.jar/org/sqlite/native/Windows/aarch64/sqlitejdbc.dll" package="sqlite-jdbc-3.42.0.0.jar: sqlitejdbc.dll" skipped="0" tests="1" timestamp="2023-11-12T19:08:58.27732"><testcase classname="dependency-check" name="sqlite-jdbc-3.42.0.0.jar: sqlitejdbc.dll"/></testsuite><testsuite failures="0" errors="0" time="0" id="146" name="/Users/yefangwong/.m2/repository/org/xerial/sqlite-jdbc/3.42.0.0/sqlite-jdbc-3.42.0.0.jar/org/sqlite/native/Windows/armv7/sqlitejdbc.dll" package="sqlite-jdbc-3.42.0.0.jar: sqlitejdbc.dll" skipped="0" tests="1" timestamp="2023-11-12T19:08:58.27732"><testcase classname="dependency-check" name="sqlite-jdbc-3.42.0.0.jar: sqlitejdbc.dll"/></testsuite><testsuite failures="0" errors="0" time="0" id="147" name="/Users/yefangwong/.m2/repository/org/xerial/sqlite-jdbc/3.42.0.0/sqlite-jdbc-3.42.0.0.jar/org/sqlite/native/Windows/x86/sqlitejdbc.dll" package="sqlite-jdbc-3.42.0.0.jar: sqlitejdbc.dll" skipped="0" tests="1" timestamp="2023-11-12T19:08:58.27732"><testcase classname="dependency-check" name="sqlite-jdbc-3.42.0.0.jar: sqlitejdbc.dll"/></testsuite><testsuite failures="0" errors="0" time="0" id="148" name="/Users/yefangwong/.m2/repository/org/xerial/sqlite-jdbc/3.42.0.0/sqlite-jdbc-3.42.0.0.jar/org/sqlite/native/Windows/x86_64/sqlitejdbc.dll" package="sqlite-jdbc-3.42.0.0.jar: sqlitejdbc.dll" skipped="0" tests="1" timestamp="2023-11-12T19:08:58.27732"><testcase classname="dependency-check" name="sqlite-jdbc-3.42.0.0.jar: sqlitejdbc.dll"/></testsuite><testsuite failures="0" errors="0" time="0" id="149" name="/Users/yefangwong/.m2/repository/edu/stanford/nlp/stanford-corenlp/4.5.4/stanford-corenlp-4.5.4.jar" package="stanford-corenlp-4.5.4.jar" skipped="0" tests="1" timestamp="2023-11-12T19:08:58.27732"><testcase classname="dependency-check" name="stanford-corenlp-4.5.4.jar"/></testsuite><testsuite failures="0" errors="0" time="0" id="150" name="/Users/yefangwong/.m2/repository/edu/stanford/nlp/stanford-corenlp/4.5.4/stanford-corenlp-4.5.4.jar/edu/stanford/nlp/pipeline/demo/corenlp-brat.js" package="stanford-corenlp-4.5.4.jar: corenlp-brat.js" skipped="0" tests="1" timestamp="2023-11-12T19:08:58.27732"><testcase classname="dependency-check" name="stanford-corenlp-4.5.4.jar: corenlp-brat.js"/></testsuite><testsuite failures="0" errors="0" time="0" id="151" name="/Users/yefangwong/.m2/repository/edu/stanford/nlp/stanford-corenlp/4.5.4/stanford-corenlp-4.5.4.jar/edu/stanford/nlp/pipeline/demo/corenlp-parseviewer.js" package="stanford-corenlp-4.5.4.jar: corenlp-parseviewer.js" skipped="0" tests="1" timestamp="2023-11-12T19:08:58.27732"><testcase classname="dependency-check" name="stanford-corenlp-4.5.4.jar: corenlp-parseviewer.js"/></testsuite><testsuite failures="0" errors="0" time="0" id="152" name="/Users/yefangwong/.m2/repository/io/swagger/swagger-annotations/1.5.20/swagger-annotations-1.5.20.jar" package="swagger-annotations-1.5.20.jar" skipped="0" tests="1" timestamp="2023-11-12T19:08:58.27732"><testcase classname="dependency-check" name="swagger-annotations-1.5.20.jar"/></testsuite><testsuite failures="0" errors="0" time="0" id="153" name="/Users/yefangwong/.m2/repository/io/swagger/swagger-models/1.5.20/swagger-models-1.5.20.jar" package="swagger-models-1.5.20.jar" skipped="0" tests="1" timestamp="2023-11-12T19:08:58.27732"><testcase classname="dependency-check" name="swagger-models-1.5.20.jar"/></testsuite><testsuite failures="0" errors="0" time="0" id="154" name="/Users/yefangwong/.m2/repository/org/thymeleaf/thymeleaf/3.1.1.RELEASE/thymeleaf-3.1.1.RELEASE.jar" package="thymeleaf-3.1.1.RELEASE.jar" skipped="0" tests="1" timestamp="2023-11-12T19:08:58.27732"><testcase classname="dependency-check" name="thymeleaf-3.1.1.RELEASE.jar"/></testsuite><testsuite failures="0" errors="0" time="0" id="155" name="/Users/yefangwong/.m2/repository/org/apache/tomcat/tomcat-annotations-api/10.1.11/tomcat-annotations-api-10.1.11.jar" package="tomcat-annotations-api-10.1.11.jar" skipped="0" tests="1" timestamp="2023-11-12T19:08:58.27732"><testcase classname="dependency-check" name="tomcat-annotations-api-10.1.11.jar"/></testsuite><testsuite failures="0" errors="0" time="0" id="156" name="/Users/yefangwong/.m2/repository/org/apache/tomcat/embed/tomcat-embed-core/10.1.15/tomcat-embed-core-10.1.15.jar" package="tomcat-embed-core-10.1.15.jar" skipped="0" tests="1" timestamp="2023-11-12T19:08:58.27732"><testcase classname="dependency-check" name="tomcat-embed-core-10.1.15.jar"/></testsuite><testsuite failures="0" errors="0" time="0" id="157" name="/Users/yefangwong/.m2/repository/org/unbescape/unbescape/1.1.6.RELEASE/unbescape-1.1.6.RELEASE.jar" package="unbescape-1.1.6.RELEASE.jar" skipped="0" tests="1" timestamp="2023-11-12T19:08:58.27732"><testcase classname="dependency-check" name="unbescape-1.1.6.RELEASE.jar"/></testsuite><testsuite failures="0" errors="0" time="0" id="158" name="/Users/yefangwong/Documents/GitHub.nosync/madaga/csp/csp-portal-web/src/main/resources/static/js/util.js" package="util.js" skipped="0" tests="1" timestamp="2023-11-12T19:08:58.27732"><testcase classname="dependency-check" name="util.js"/></testsuite><testsuite failures="0" errors="0" time="0" id="159" name="/Users/yefangwong/.m2/repository/xom/xom/1.3.8/xom-1.3.8.jar" package="xom-1.3.8.jar" skipped="0" tests="1" timestamp="2023-11-12T19:08:58.27732"><testcase classname="dependency-check" name="xom-1.3.8.jar"/></testsuite></testsuites>