<?xml version="1.0" encoding="UTF-8"?><testsuites failures="0" name="dependency-check" tests="27"><testsuite failures="0" errors="0" time="0" id="0" name="/Users/yefangwong/.m2/repository/org/puremvc/PureMVC_Java_MultiCore/2.0/PureMVC_Java_MultiCore-2.0.jar" package="PureMVC_Java_MultiCore-2.0.jar" skipped="0" tests="1" timestamp="2023-11-12T19:08:45.512491"><testcase classname="dependency-check" name="PureMVC_Java_MultiCore-2.0.jar"/></testsuite><testsuite failures="0" errors="0" time="0" id="1" name="/Users/yefangwong/.m2/repository/ai/djl/api/0.23.0/api-0.23.0.jar" package="api-0.23.0.jar" skipped="0" tests="1" timestamp="2023-11-12T19:08:45.512491"><testcase classname="dependency-check" name="api-0.23.0.jar"/></testsuite><testsuite failures="0" errors="0" time="0" id="2" name="/Users/yefangwong/.m2/repository/ai/djl/basicdataset/0.23.0/basicdataset-0.23.0.jar" package="basicdataset-0.23.0.jar" skipped="0" tests="1" timestamp="2023-11-12T19:08:45.512491"><testcase classname="dependency-check" name="basicdataset-0.23.0.jar"/></testsuite><testsuite failures="0" errors="0" time="0" id="3" name="/Users/yefangwong/.m2/repository/commons-codec/commons-codec/1.15/commons-codec-1.15.jar" package="commons-codec-1.15.jar" skipped="0" tests="1" timestamp="2023-11-12T19:08:45.512491"><testcase classname="dependency-check" name="commons-codec-1.15.jar"/></testsuite><testsuite failures="0" errors="0" time="0" id="4" name="/Users/yefangwong/.m2/repository/org/apache/commons/commons-compress/1.24.0/commons-compress-1.24.0.jar" package="commons-compress-1.24.0.jar" skipped="0" tests="1" timestamp="2023-11-12T19:08:45.512491"><testcase classname="dependency-check" name="commons-compress-1.24.0.jar"/></testsuite><testsuite failures="0" errors="0" time="0" id="5" name="/Users/yefangwong/.m2/repository/org/apache/commons/commons-csv/1.10.0/commons-csv-1.10.0.jar" package="commons-csv-1.10.0.jar" skipped="0" tests="1" timestamp="2023-11-12T19:08:45.512491"><testcase classname="dependency-check" name="commons-csv-1.10.0.jar"/></testsuite><testsuite failures="0" errors="0" time="0" id="6" name="/Users/yefangwong/.m2/repository/org/apache/commons/commons-lang3/3.12.0/commons-lang3-3.12.0.jar" package="commons-lang3-3.12.0.jar" skipped="0" tests="1" timestamp="2023-11-12T19:08:45.512491"><testcase classname="dependency-check" name="commons-lang3-3.12.0.jar"/></testsuite><testsuite failures="0" errors="0" time="0" id="7" name="/Users/yefangwong/.m2/repository/commons-logging/commons-logging/1.2/commons-logging-1.2.jar" package="commons-logging-1.2.jar" skipped="0" tests="1" timestamp="2023-11-12T19:08:45.512491"><testcase classname="dependency-check" name="commons-logging-1.2.jar"/></testsuite><testsuite failures="0" errors="0" time="0" id="8" name="/Users/yefangwong/.m2/repository/com/google/gdata/core/1.47.1/core-1.47.1.jar" package="core-1.47.1.jar" skipped="0" tests="1" timestamp="2023-11-12T19:08:45.512491"><testcase classname="dependency-check" name="core-1.47.1.jar"/></testsuite><testsuite failures="0" errors="0" time="0" id="9" name="/Users/yefangwong/Documents/GitHub.nosync/madaga/csp/csp-webframeworx-common/target/csp-webframeworx-common-0.0.1-SNAPSHOT.jar" package="csp-webframeworx-common-0.0.1-SNAPSHOT.jar" skipped="0" tests="1" timestamp="2023-11-12T19:08:45.512491"><testcase classname="dependency-check" name="csp-webframeworx-common-0.0.1-SNAPSHOT.jar"/></testsuite><testsuite failures="0" errors="0" time="0" id="10" name="/Users/yefangwong/.m2/repository/com/google/code/gson/gson/2.10.1/gson-2.10.1.jar" package="gson-2.10.1.jar" skipped="0" tests="1" timestamp="2023-11-12T19:08:45.512491"><testcase classname="dependency-check" name="gson-2.10.1.jar"/></testsuite><testsuite failures="0" errors="0" time="0" id="11" name="/Users/yefangwong/.m2/repository/org/apache/httpcomponents/httpclient/4.5.14/httpclient-4.5.14.jar" package="httpclient-4.5.14.jar" skipped="0" tests="1" timestamp="2023-11-12T19:08:45.512491"><testcase classname="dependency-check" name="httpclient-4.5.14.jar"/></testsuite><testsuite failures="0" errors="0" time="0" id="12" name="/Users/yefangwong/.m2/repository/org/apache/httpcomponents/httpcore/4.4.15/httpcore-4.4.15.jar" package="httpcore-4.4.15.jar" skipped="0" tests="1" timestamp="2023-11-12T19:08:45.512491"><testcase classname="dependency-check" name="httpcore-4.4.15.jar"/></testsuite><testsuite failures="0" errors="0" time="0" id="13" name="/Users/yefangwong/.m2/repository/com/fasterxml/jackson/core/jackson-annotations/2.16.0-SNAPSHOT/jackson-annotations-2.16.0-SNAPSHOT.jar" package="jackson-annotations-2.16.0-SNAPSHOT.jar" skipped="0" tests="1" timestamp="2023-11-12T19:08:45.512491"><testcase classname="dependency-check" name="jackson-annotations-2.16.0-SNAPSHOT.jar"/></testsuite><testsuite failures="0" errors="0" time="0" id="14" name="/Users/yefangwong/.m2/repository/javax/inject/javax.inject/1/javax.inject-1.jar" package="javax.inject-1.jar" skipped="0" tests="1" timestamp="2023-11-12T19:08:45.512491"><testcase classname="dependency-check" name="javax.inject-1.jar"/></testsuite><testsuite failures="0" errors="0" time="0" id="15" name="/Users/yefangwong/.m2/repository/net/java/dev/jna/jna/5.13.0/jna-5.13.0.jar" package="jna-5.13.0.jar" skipped="0" tests="1" timestamp="2023-11-12T19:08:45.512491"><testcase classname="dependency-check" name="jna-5.13.0.jar"/></testsuite><testsuite failures="0" errors="0" time="0" id="16" name="/Users/yefangwong/.m2/repository/net/java/dev/jna/jna/5.13.0/jna-5.13.0.jar/com/sun/jna/win32-aarch64/jnidispatch.dll" package="jna-5.13.0.jar: jnidispatch.dll" skipped="0" tests="1" timestamp="2023-11-12T19:08:45.512491"><testcase classname="dependency-check" name="jna-5.13.0.jar: jnidispatch.dll"/></testsuite><testsuite failures="0" errors="0" time="0" id="17" name="/Users/yefangwong/.m2/repository/net/java/dev/jna/jna/5.13.0/jna-5.13.0.jar/com/sun/jna/win32-x86-64/jnidispatch.dll" package="jna-5.13.0.jar: jnidispatch.dll" skipped="0" tests="1" timestamp="2023-11-12T19:08:45.512491"><testcase classname="dependency-check" name="jna-5.13.0.jar: jnidispatch.dll"/></testsuite><testsuite failures="0" errors="0" time="0" id="18" name="/Users/yefangwong/.m2/repository/net/java/dev/jna/jna/5.13.0/jna-5.13.0.jar/com/sun/jna/win32-x86/jnidispatch.dll" package="jna-5.13.0.jar: jnidispatch.dll" skipped="0" tests="1" timestamp="2023-11-12T19:08:45.512491"><testcase classname="dependency-check" name="jna-5.13.0.jar: jnidispatch.dll"/></testsuite><testsuite failures="0" errors="0" time="0" id="19" name="/Users/yefangwong/.m2/repository/com/google/code/findbugs/jsr305/1.3.7/jsr305-1.3.7.jar" package="jsr305-1.3.7.jar" skipped="0" tests="1" timestamp="2023-11-12T19:08:45.512491"><testcase classname="dependency-check" name="jsr305-1.3.7.jar"/></testsuite><testsuite failures="0" errors="0" time="0" id="20" name="/Users/yefangwong/.m2/repository/org/projectlombok/lombok/1.18.24/lombok-1.18.24.jar" package="lombok-1.18.24.jar" skipped="0" tests="1" timestamp="2023-11-12T19:08:45.512491"><testcase classname="dependency-check" name="lombok-1.18.24.jar"/></testsuite><testsuite failures="0" errors="0" time="0" id="21" name="/Users/yefangwong/.m2/repository/org/projectlombok/lombok/1.18.24/lombok-1.18.24.jar/lombok/launch/mavenEcjBootstrapAgent.jar" package="lombok-1.18.24.jar: mavenEcjBootstrapAgent.jar" skipped="0" tests="1" timestamp="2023-11-12T19:08:45.512491"><testcase classname="dependency-check" name="lombok-1.18.24.jar: mavenEcjBootstrapAgent.jar"/></testsuite><testsuite failures="0" errors="0" time="0" id="22" name="/Users/yefangwong/.m2/repository/ai/djl/model-zoo/0.23.0/model-zoo-0.23.0.jar" package="model-zoo-0.23.0.jar" skipped="0" tests="1" timestamp="2023-11-12T19:08:45.512491"><testcase classname="dependency-check" name="model-zoo-0.23.0.jar"/></testsuite><testsuite failures="0" errors="0" time="0" id="23" name="/Users/yefangwong/.m2/repository/ai/djl/mxnet/mxnet-native-mkl/1.9.1/mxnet-native-mkl-1.9.1-osx-x86_64.jar" package="mxnet-native-mkl-1.9.1-osx-x86_64.jar" skipped="0" tests="1" timestamp="2023-11-12T19:08:45.512491"><testcase classname="dependency-check" name="mxnet-native-mkl-1.9.1-osx-x86_64.jar"/></testsuite><testsuite failures="0" errors="0" time="0" id="24" name="/Users/yefangwong/.m2/repository/javax/servlet/servlet-api/2.5/servlet-api-2.5.jar" package="servlet-api-2.5.jar" skipped="0" tests="1" timestamp="2023-11-12T19:08:45.512491"><testcase classname="dependency-check" name="servlet-api-2.5.jar"/></testsuite><testsuite failures="0" errors="0" time="0" id="25" name="/Users/yefangwong/.m2/repository/org/slf4j/slf4j-api/2.0.6/slf4j-api-2.0.6.jar" package="slf4j-api-2.0.6.jar" skipped="0" tests="1" timestamp="2023-11-12T19:08:45.512491"><testcase classname="dependency-check" name="slf4j-api-2.0.6.jar"/></testsuite><testsuite failures="0" errors="0" time="0" id="26" name="/Users/yefangwong/.m2/repository/org/slf4j/slf4j-simple/2.0.7/slf4j-simple-2.0.7.jar" package="slf4j-simple-2.0.7.jar" skipped="0" tests="1" timestamp="2023-11-12T19:08:45.512491"><testcase classname="dependency-check" name="slf4j-simple-2.0.7.jar"/></testsuite></testsuites>