<?xml version="1.0" encoding="UTF-8"?><testsuites failures="0" name="dependency-check" tests="4"><testsuite failures="0" errors="0" time="0" id="0" name="/Users/yefangwong/.m2/repository/org/hamcrest/hamcrest/2.2/hamcrest-2.2.jar" package="hamcrest-2.2.jar" skipped="0" tests="1" timestamp="2023-11-12T19:08:51.316941"><testcase classname="dependency-check" name="hamcrest-2.2.jar"/></testsuite><testsuite failures="0" errors="0" time="0" id="1" name="/Users/yefangwong/.m2/repository/org/hamcrest/hamcrest-core/2.2/hamcrest-core-2.2.jar" package="hamcrest-core-2.2.jar" skipped="0" tests="1" timestamp="2023-11-12T19:08:51.316941"><testcase classname="dependency-check" name="hamcrest-core-2.2.jar"/></testsuite><testsuite failures="0" errors="0" time="0" id="2" name="/Users/yefangwong/.m2/repository/javax/inject/javax.inject/1/javax.inject-1.jar" package="javax.inject-1.jar" skipped="0" tests="1" timestamp="2023-11-12T19:08:51.316941"><testcase classname="dependency-check" name="javax.inject-1.jar"/></testsuite><testsuite failures="0" errors="0" time="0" id="3" name="/Users/yefangwong/.m2/repository/junit/junit/4.13.2/junit-4.13.2.jar" package="junit-4.13.2.jar" skipped="0" tests="1" timestamp="2023-11-12T19:08:51.316941"><testcase classname="dependency-check" name="junit-4.13.2.jar"/></testsuite></testsuites>